This file contains any messages produced by compilers while
running configure, to aid debugging if configure makes a mistake.

It was created by configure, which was
generated by GNU Autoconf 2.61.  Invocation command line was

  $ ./configure --enable-maintainer-mode --no-create --no-recursion

## --------- ##
## Platform. ##
## --------- ##

hostname = debian.pc.diego
uname -m = i686
uname -r = 2.6.18-5-686
uname -s = Linux
uname -v = #1 SMP Tue Dec 18 21:24:20 UTC 2007

/usr/bin/uname -p = unknown
/bin/uname -X     = unknown

/bin/arch              = i686
/usr/bin/arch -k       = unknown
/usr/convex/getsysinfo = unknown
/usr/bin/hostinfo      = unknown
/bin/machine           = unknown
/usr/bin/oslevel       = unknown
/bin/universe          = unknown

PATH: /usr/local/bin
PATH: /usr/bin
PATH: /bin
PATH: /usr/bin/X11
PATH: /usr/games


## ----------- ##
## Core tests. ##
## ----------- ##

configure:1996: checking for a BSD-compatible install
configure:2052: result: /usr/bin/install -c
configure:2063: checking whether build environment is sane
configure:2106: result: yes
configure:2134: checking for a thread-safe mkdir -p
configure:2173: result: /bin/mkdir -p
configure:2186: checking for gawk
configure:2216: result: no
configure:2186: checking for mawk
configure:2202: found /usr/bin/mawk
configure:2213: result: mawk
configure:2224: checking whether make sets $(MAKE)
configure:2245: result: yes
configure:2435: checking whether to enable maintainer-specific portions of Makefiles
configure:2444: result: yes
configure:2470: checking for style of include used by make
configure:2498: result: GNU
configure:2568: checking for gcc
configure:2584: found /usr/bin/gcc
configure:2595: result: gcc
configure:2833: checking for C compiler version
configure:2840: gcc --version >&5
gcc (GCC) 4.1.2 20061115 (prerelease) (Debian 4.1.1-21)
Copyright (C) 2006 Free Software Foundation, Inc.
This is free software; see the source for copying conditions.  There is NO
warranty; not even for MERCHANTABILITY or FITNESS FOR A PARTICULAR PURPOSE.

configure:2843: $? = 0
configure:2850: gcc -v >&5
Using built-in specs.
Target: i486-linux-gnu
Configured with: ../src/configure -v --enable-languages=c,c++,fortran,objc,obj-c++,treelang --prefix=/usr --enable-shared --with-system-zlib --libexecdir=/usr/lib --without-included-gettext --enable-threads=posix --enable-nls --program-suffix=-4.1 --enable-__cxa_atexit --enable-clocale=gnu --enable-libstdcxx-debug --enable-mpfr --with-tune=i686 --enable-checking=release i486-linux-gnu
Thread model: posix
gcc version 4.1.2 20061115 (prerelease) (Debian 4.1.1-21)
configure:2853: $? = 0
configure:2860: gcc -V >&5
gcc: '-V' option must have argument
configure:2863: $? = 1
configure:2886: checking for C compiler default output file name
configure:2913: gcc    conftest.c  >&5
configure:2916: $? = 0
configure:2954: result: a.out
configure:2971: checking whether the C compiler works
configure:2981: ./a.out
configure:2984: $? = 0
configure:3001: result: yes
configure:3008: checking whether we are cross compiling
configure:3010: result: no
configure:3013: checking for suffix of executables
configure:3020: gcc -o conftest    conftest.c  >&5
configure:3023: $? = 0
configure:3047: result: 
configure:3053: checking for suffix of object files
configure:3079: gcc -c   conftest.c >&5
configure:3082: $? = 0
configure:3105: result: o
configure:3109: checking whether we are using the GNU C compiler
configure:3138: gcc -c   conftest.c >&5
configure:3144: $? = 0
configure:3161: result: yes
configure:3166: checking whether gcc accepts -g
configure:3196: gcc -c -g  conftest.c >&5
configure:3202: $? = 0
configure:3301: result: yes
configure:3318: checking for gcc option to accept ISO C89
configure:3392: gcc  -c -g -O2  conftest.c >&5
configure:3398: $? = 0
configure:3421: result: none needed
configure:3441: checking dependency style of gcc
configure:3532: result: gcc3
configure:3548: checking for library containing strerror
configure:3589: gcc -o conftest -g -O2   conftest.c  >&5
configure:3595: $? = 0
configure:3623: result: none required
configure:3679: checking for gcc
configure:3706: result: gcc
configure:3944: checking for C compiler version
configure:3951: gcc --version >&5
gcc (GCC) 4.1.2 20061115 (prerelease) (Debian 4.1.1-21)
Copyright (C) 2006 Free Software Foundation, Inc.
This is free software; see the source for copying conditions.  There is NO
warranty; not even for MERCHANTABILITY or FITNESS FOR A PARTICULAR PURPOSE.

configure:3954: $? = 0
configure:3961: gcc -v >&5
Using built-in specs.
Target: i486-linux-gnu
Configured with: ../src/configure -v --enable-languages=c,c++,fortran,objc,obj-c++,treelang --prefix=/usr --enable-shared --with-system-zlib --libexecdir=/usr/lib --without-included-gettext --enable-threads=posix --enable-nls --program-suffix=-4.1 --enable-__cxa_atexit --enable-clocale=gnu --enable-libstdcxx-debug --enable-mpfr --with-tune=i686 --enable-checking=release i486-linux-gnu
Thread model: posix
gcc version 4.1.2 20061115 (prerelease) (Debian 4.1.1-21)
configure:3964: $? = 0
configure:3971: gcc -V >&5
gcc: '-V' option must have argument
configure:3974: $? = 1
configure:3977: checking whether we are using the GNU C compiler
configure:4029: result: yes
configure:4034: checking whether gcc accepts -g
configure:4169: result: yes
configure:4186: checking for gcc option to accept ISO C89
configure:4289: result: none needed
configure:4309: checking dependency style of gcc
configure:4400: result: gcc3
configure:4463: checking for gcc
configure:4490: result: gcc
configure:4728: checking for C compiler version
configure:4735: gcc --version >&5
gcc (GCC) 4.1.2 20061115 (prerelease) (Debian 4.1.1-21)
Copyright (C) 2006 Free Software Foundation, Inc.
This is free software; see the source for copying conditions.  There is NO
warranty; not even for MERCHANTABILITY or FITNESS FOR A PARTICULAR PURPOSE.

configure:4738: $? = 0
configure:4745: gcc -v >&5
Using built-in specs.
Target: i486-linux-gnu
Configured with: ../src/configure -v --enable-languages=c,c++,fortran,objc,obj-c++,treelang --prefix=/usr --enable-shared --with-system-zlib --libexecdir=/usr/lib --without-included-gettext --enable-threads=posix --enable-nls --program-suffix=-4.1 --enable-__cxa_atexit --enable-clocale=gnu --enable-libstdcxx-debug --enable-mpfr --with-tune=i686 --enable-checking=release i486-linux-gnu
Thread model: posix
gcc version 4.1.2 20061115 (prerelease) (Debian 4.1.1-21)
configure:4748: $? = 0
configure:4755: gcc -V >&5
gcc: '-V' option must have argument
configure:4758: $? = 1
configure:4761: checking whether we are using the GNU C compiler
configure:4813: result: yes
configure:4818: checking whether gcc accepts -g
configure:4953: result: yes
configure:4970: checking for gcc option to accept ISO C89
configure:5073: result: none needed
configure:5093: checking dependency style of gcc
configure:5184: result: gcc3
configure:5207: checking how to run the C preprocessor
configure:5247: gcc -E  conftest.c
configure:5253: $? = 0
configure:5284: gcc -E  conftest.c
conftest.c:10:28: error: ac_nonexistent.h: No such file or directory
configure:5290: $? = 1
configure: failed program was:
| /* confdefs.h.  */
| #define PACKAGE_NAME ""
| #define PACKAGE_TARNAME ""
| #define PACKAGE_VERSION ""
| #define PACKAGE_STRING ""
| #define PACKAGE_BUGREPORT ""
| #define PACKAGE "Interseccion"
| #define VERSION "0.1"
| /* end confdefs.h.  */
| #include <ac_nonexistent.h>
configure:5323: result: gcc -E
configure:5352: gcc -E  conftest.c
configure:5358: $? = 0
configure:5389: gcc -E  conftest.c
conftest.c:10:28: error: ac_nonexistent.h: No such file or directory
configure:5395: $? = 1
configure: failed program was:
| /* confdefs.h.  */
| #define PACKAGE_NAME ""
| #define PACKAGE_TARNAME ""
| #define PACKAGE_VERSION ""
| #define PACKAGE_STRING ""
| #define PACKAGE_BUGREPORT ""
| #define PACKAGE "Interseccion"
| #define VERSION "0.1"
| /* end confdefs.h.  */
| #include <ac_nonexistent.h>
configure:5433: checking for grep that handles long lines and -e
configure:5507: result: /bin/grep
configure:5512: checking for egrep
configure:5590: result: /bin/grep -E
configure:5595: checking for ANSI C header files
configure:5625: gcc -c -g -O2  conftest.c >&5
configure:5631: $? = 0
configure:5730: gcc -o conftest -g -O2   conftest.c  >&5
configure:5733: $? = 0
configure:5739: ./conftest
configure:5742: $? = 0
configure:5759: result: yes
configure:5775: checking how to run the C preprocessor
configure:5891: result: gcc -E
configure:5920: gcc -E  conftest.c
configure:5926: $? = 0
configure:5957: gcc -E  conftest.c
conftest.c:11:28: error: ac_nonexistent.h: No such file or directory
configure:5963: $? = 1
configure: failed program was:
| /* confdefs.h.  */
| #define PACKAGE_NAME ""
| #define PACKAGE_TARNAME ""
| #define PACKAGE_VERSION ""
| #define PACKAGE_STRING ""
| #define PACKAGE_BUGREPORT ""
| #define PACKAGE "Interseccion"
| #define VERSION "0.1"
| #define STDC_HEADERS 1
| /* end confdefs.h.  */
| #include <ac_nonexistent.h>
configure:6058: checking for g++
configure:6074: found /usr/bin/g++
configure:6085: result: g++
configure:6116: checking for C++ compiler version
configure:6123: g++ --version >&5
g++ (GCC) 4.1.2 20061115 (prerelease) (Debian 4.1.1-21)
Copyright (C) 2006 Free Software Foundation, Inc.
This is free software; see the source for copying conditions.  There is NO
warranty; not even for MERCHANTABILITY or FITNESS FOR A PARTICULAR PURPOSE.

configure:6126: $? = 0
configure:6133: g++ -v >&5
Using built-in specs.
Target: i486-linux-gnu
Configured with: ../src/configure -v --enable-languages=c,c++,fortran,objc,obj-c++,treelang --prefix=/usr --enable-shared --with-system-zlib --libexecdir=/usr/lib --without-included-gettext --enable-threads=posix --enable-nls --program-suffix=-4.1 --enable-__cxa_atexit --enable-clocale=gnu --enable-libstdcxx-debug --enable-mpfr --with-tune=i686 --enable-checking=release i486-linux-gnu
Thread model: posix
gcc version 4.1.2 20061115 (prerelease) (Debian 4.1.1-21)
configure:6136: $? = 0
configure:6143: g++ -V >&5
g++: '-V' option must have argument
configure:6146: $? = 1
configure:6149: checking whether we are using the GNU C++ compiler
configure:6178: g++ -c   conftest.cpp >&5
configure:6184: $? = 0
configure:6201: result: yes
configure:6206: checking whether g++ accepts -g
configure:6236: g++ -c -g  conftest.cpp >&5
configure:6242: $? = 0
configure:6341: result: yes
configure:6366: checking dependency style of g++
configure:6457: result: gcc3
configure:6496: checking for sys/types.h
configure:6517: gcc -c -g -O2  conftest.c >&5
configure:6523: $? = 0
configure:6539: result: yes
configure:6496: checking for sys/stat.h
configure:6517: gcc -c -g -O2  conftest.c >&5
configure:6523: $? = 0
configure:6539: result: yes
configure:6496: checking for stdlib.h
configure:6517: gcc -c -g -O2  conftest.c >&5
configure:6523: $? = 0
configure:6539: result: yes
configure:6496: checking for string.h
configure:6517: gcc -c -g -O2  conftest.c >&5
configure:6523: $? = 0
configure:6539: result: yes
configure:6496: checking for memory.h
configure:6517: gcc -c -g -O2  conftest.c >&5
configure:6523: $? = 0
configure:6539: result: yes
configure:6496: checking for strings.h
configure:6517: gcc -c -g -O2  conftest.c >&5
configure:6523: $? = 0
configure:6539: result: yes
configure:6496: checking for inttypes.h
configure:6517: gcc -c -g -O2  conftest.c >&5
configure:6523: $? = 0
configure:6539: result: yes
configure:6496: checking for stdint.h
configure:6517: gcc -c -g -O2  conftest.c >&5
configure:6523: $? = 0
configure:6539: result: yes
configure:6496: checking for unistd.h
configure:6517: gcc -c -g -O2  conftest.c >&5
configure:6523: $? = 0
configure:6539: result: yes
configure:6567: checking locale.h usability
configure:6584: gcc -c -g -O2  conftest.c >&5
configure:6590: $? = 0
configure:6604: result: yes
configure:6608: checking locale.h presence
configure:6623: gcc -E  conftest.c
configure:6629: $? = 0
configure:6643: result: yes
configure:6671: checking for locale.h
configure:6679: result: yes
configure:6693: checking for LC_MESSAGES
configure:6719: gcc -o conftest -g -O2   conftest.c  >&5
configure:6725: $? = 0
configure:6742: result: yes
configure:6771: checking libintl.h usability
configure:6788: gcc -c -g -O2  conftest.c >&5
configure:6794: $? = 0
configure:6808: result: yes
configure:6812: checking libintl.h presence
configure:6827: gcc -E  conftest.c
configure:6833: $? = 0
configure:6847: result: yes
configure:6875: checking for libintl.h
configure:6882: result: yes
configure:6893: checking for ngettext in libc
configure:6921: gcc -o conftest -g -O2   conftest.c  >&5
configure:6927: $? = 0
configure:6945: result: yes
configure:6949: checking for dgettext in libc
configure:6977: gcc -o conftest -g -O2   conftest.c  >&5
configure:6983: $? = 0
configure:7001: result: yes
configure:7010: checking for bind_textdomain_codeset
configure:7066: gcc -o conftest -g -O2   conftest.c  >&5
configure:7072: $? = 0
configure:7090: result: yes
configure:7577: checking for msgfmt
configure:7604: result: /usr/bin/msgfmt
configure:7617: checking for dcgettext
configure:7673: gcc -o conftest -g -O2   conftest.c   >&5
conftest.c:48: warning: conflicting types for built-in function 'dcgettext'
configure:7679: $? = 0
configure:7697: result: yes
configure:7709: checking for gmsgfmt
configure:7740: result: /usr/bin/msgfmt
configure:7750: checking for xgettext
configure:7777: result: /usr/bin/xgettext
configure:7806: gcc -o conftest -g -O2   conftest.c   >&5
configure:7812: $? = 0
configure:8117: checking build system type
configure:8135: result: i686-pc-linux-gnu
configure:8157: checking host system type
configure:8172: result: i686-pc-linux-gnu
configure:8194: checking for a sed that does not truncate output
configure:8248: result: /bin/sed
configure:8262: checking for ld used by gcc
configure:8329: result: /usr/bin/ld
configure:8338: checking if the linker (/usr/bin/ld) is GNU ld
configure:8353: result: yes
configure:8358: checking for /usr/bin/ld option to reload object files
configure:8365: result: -r
configure:8383: checking for BSD-compatible nm
configure:8432: result: /usr/bin/nm -B
configure:8436: checking whether ln -s works
configure:8440: result: yes
configure:8447: checking how to recognise dependent libraries
configure:8623: result: pass_all
configure:8866: checking dlfcn.h usability
configure:8883: gcc -c -g -O2  conftest.c >&5
configure:8889: $? = 0
configure:8903: result: yes
configure:8907: checking dlfcn.h presence
configure:8922: gcc -E  conftest.c
configure:8928: $? = 0
configure:8942: result: yes
configure:8970: checking for dlfcn.h
configure:8978: result: yes
configure:9001: checking how to run the C++ preprocessor
configure:9037: g++ -E  conftest.cpp
configure:9043: $? = 0
configure:9074: g++ -E  conftest.cpp
conftest.cpp:28:28: error: ac_nonexistent.h: No such file or directory
configure:9080: $? = 1
configure: failed program was:
| /* confdefs.h.  */
| #define PACKAGE_NAME ""
| #define PACKAGE_TARNAME ""
| #define PACKAGE_VERSION ""
| #define PACKAGE_STRING ""
| #define PACKAGE_BUGREPORT ""
| #define PACKAGE "Interseccion"
| #define VERSION "0.1"
| #define STDC_HEADERS 1
| #define GETTEXT_PACKAGE "Interseccion"
| #define HAVE_SYS_TYPES_H 1
| #define HAVE_SYS_STAT_H 1
| #define HAVE_STDLIB_H 1
| #define HAVE_STRING_H 1
| #define HAVE_MEMORY_H 1
| #define HAVE_STRINGS_H 1
| #define HAVE_INTTYPES_H 1
| #define HAVE_STDINT_H 1
| #define HAVE_UNISTD_H 1
| #define HAVE_LOCALE_H 1
| #define HAVE_LC_MESSAGES 1
| #define HAVE_BIND_TEXTDOMAIN_CODESET 1
| #define HAVE_GETTEXT 1
| #define HAVE_DCGETTEXT 1
| #define ENABLE_NLS 1
| #define HAVE_DLFCN_H 1
| /* end confdefs.h.  */
| #include <ac_nonexistent.h>
configure:9113: result: g++ -E
configure:9142: g++ -E  conftest.cpp
configure:9148: $? = 0
configure:9179: g++ -E  conftest.cpp
conftest.cpp:28:28: error: ac_nonexistent.h: No such file or directory
configure:9185: $? = 1
configure: failed program was:
| /* confdefs.h.  */
| #define PACKAGE_NAME ""
| #define PACKAGE_TARNAME ""
| #define PACKAGE_VERSION ""
| #define PACKAGE_STRING ""
| #define PACKAGE_BUGREPORT ""
| #define PACKAGE "Interseccion"
| #define VERSION "0.1"
| #define STDC_HEADERS 1
| #define GETTEXT_PACKAGE "Interseccion"
| #define HAVE_SYS_TYPES_H 1
| #define HAVE_SYS_STAT_H 1
| #define HAVE_STDLIB_H 1
| #define HAVE_STRING_H 1
| #define HAVE_MEMORY_H 1
| #define HAVE_STRINGS_H 1
| #define HAVE_INTTYPES_H 1
| #define HAVE_STDINT_H 1
| #define HAVE_UNISTD_H 1
| #define HAVE_LOCALE_H 1
| #define HAVE_LC_MESSAGES 1
| #define HAVE_BIND_TEXTDOMAIN_CODESET 1
| #define HAVE_GETTEXT 1
| #define HAVE_DCGETTEXT 1
| #define ENABLE_NLS 1
| #define HAVE_DLFCN_H 1
| /* end confdefs.h.  */
| #include <ac_nonexistent.h>
configure:9278: checking for g77
configure:9308: result: no
configure:9278: checking for xlf
configure:9308: result: no
configure:9278: checking for f77
configure:9308: result: no
configure:9278: checking for frt
configure:9308: result: no
configure:9278: checking for pgf77
configure:9308: result: no
configure:9278: checking for cf77
configure:9308: result: no
configure:9278: checking for fort77
configure:9308: result: no
configure:9278: checking for fl32
configure:9308: result: no
configure:9278: checking for af77
configure:9308: result: no
configure:9278: checking for xlf90
configure:9308: result: no
configure:9278: checking for f90
configure:9308: result: no
configure:9278: checking for pgf90
configure:9308: result: no
configure:9278: checking for pghpf
configure:9308: result: no
configure:9278: checking for epcf90
configure:9308: result: no
configure:9278: checking for gfortran
configure:9308: result: no
configure:9278: checking for g95
configure:9308: result: no
configure:9278: checking for xlf95
configure:9308: result: no
configure:9278: checking for f95
configure:9308: result: no
configure:9278: checking for fort
configure:9308: result: no
configure:9278: checking for ifort
configure:9308: result: no
configure:9278: checking for ifc
configure:9308: result: no
configure:9278: checking for efc
configure:9308: result: no
configure:9278: checking for pgf95
configure:9308: result: no
configure:9278: checking for lf95
configure:9308: result: no
configure:9278: checking for ftn
configure:9308: result: no
configure:9335: checking for Fortran 77 compiler version
configure:9342:  --version >&5
./configure: line 9343: --version: command not found
configure:9345: $? = 127
configure:9352:  -v >&5
./configure: line 9353: -v: command not found
configure:9355: $? = 127
configure:9362:  -V >&5
./configure: line 9363: -V: command not found
configure:9365: $? = 127
configure:9373: checking whether we are using the GNU Fortran 77 compiler
configure:9392:  -c  conftest.F >&5
./configure: line 9393: -c: command not found
configure:9398: $? = 127
configure: failed program was:
|       program main
| #ifndef __GNUC__
|        choke me
| #endif
| 
|       end
configure:9415: result: no
configure:9421: checking whether  accepts -g
configure:9438:  -c -g conftest.f >&5
./configure: line 9439: -c: command not found
configure:9444: $? = 127
configure: failed program was:
|       program main
| 
|       end
configure:9460: result: no
configure:9490: checking the maximum length of command line arguments
configure:9599: result: 32768
configure:9610: checking command to parse /usr/bin/nm -B output from gcc object
configure:9715: gcc -c -g -O2  conftest.c >&5
configure:9718: $? = 0
configure:9722: /usr/bin/nm -B conftest.o \| sed -n -e 's/^.*[ 	]\([ABCDGIRSTW][ABCDGIRSTW]*\)[ 	][ 	]*\([_A-Za-z][_A-Za-z0-9]*\)$/\1 \2 \2/p' \> conftest.nm
configure:9725: $? = 0
configure:9777: gcc -o conftest -g -O2   conftest.c conftstm.o >&5
configure:9780: $? = 0
configure:9818: result: ok
configure:9822: checking for objdir
configure:9837: result: .libs
configure:9929: checking for ar
configure:9945: found /usr/bin/ar
configure:9956: result: ar
configure:10025: checking for ranlib
configure:10041: found /usr/bin/ranlib
configure:10052: result: ranlib
configure:10121: checking for strip
configure:10137: found /usr/bin/strip
configure:10148: result: strip
configure:10434: checking if gcc supports -fno-rtti -fno-exceptions
configure:10452: gcc -c -g -O2  -fno-rtti -fno-exceptions conftest.c >&5
cc1: warning: command line option "-fno-rtti" is valid for C++/ObjC++ but not for C
configure:10456: $? = 0
configure:10469: result: no
configure:10484: checking for gcc option to produce PIC
configure:10694: result: -fPIC
configure:10702: checking if gcc PIC flag -fPIC works
configure:10720: gcc -c -g -O2  -fPIC -DPIC conftest.c >&5
configure:10724: $? = 0
configure:10737: result: yes
configure:10765: checking if gcc static flag -static works
configure:10793: result: yes
configure:10803: checking if gcc supports -c -o file.o
configure:10824: gcc -c -g -O2  -o out/conftest2.o conftest.c >&5
configure:10828: $? = 0
configure:10850: result: yes
configure:10876: checking whether the gcc linker (/usr/bin/ld) supports shared libraries
configure:11831: result: yes
configure:11852: checking whether -lc should be explicitly linked in
configure:11857: gcc -c -g -O2  conftest.c >&5
configure:11860: $? = 0
configure:11875: gcc -shared conftest.o  -v -Wl,-soname -Wl,conftest -o conftest 2\>\&1 \| grep  -lc  \>/dev/null 2\>\&1
configure:11878: $? = 0
configure:11890: result: no
configure:11898: checking dynamic linker characteristics
configure:12474: result: GNU/Linux ld.so
configure:12483: checking how to hardcode library paths into programs
configure:12508: result: immediate
configure:12522: checking whether stripping libraries is possible
configure:12527: result: yes
configure:13328: checking if libtool supports shared libraries
configure:13330: result: yes
configure:13333: checking whether to build shared libraries
configure:13354: result: yes
configure:13357: checking whether to build static libraries
configure:13361: result: yes
configure:13453: creating libtool
configure:14041: checking for ld used by g++
configure:14108: result: /usr/bin/ld
configure:14117: checking if the linker (/usr/bin/ld) is GNU ld
configure:14132: result: yes
configure:14183: checking whether the g++ linker (/usr/bin/ld) supports shared libraries
configure:15117: result: yes
configure:15135: g++ -c -g -O2  conftest.cpp >&5
configure:15138: $? = 0
configure:15257: checking for g++ option to produce PIC
configure:15531: result: -fPIC
configure:15539: checking if g++ PIC flag -fPIC works
configure:15557: g++ -c -g -O2  -fPIC -DPIC conftest.cpp >&5
configure:15561: $? = 0
configure:15574: result: yes
configure:15602: checking if g++ static flag -static works
configure:15630: result: yes
configure:15640: checking if g++ supports -c -o file.o
configure:15661: g++ -c -g -O2  -o out/conftest2.o conftest.cpp >&5
configure:15665: $? = 0
configure:15687: result: yes
configure:15713: checking whether the g++ linker (/usr/bin/ld) supports shared libraries
configure:15741: result: yes
configure:15808: checking dynamic linker characteristics
configure:16384: result: GNU/Linux ld.so
configure:16393: checking how to hardcode library paths into programs
configure:16418: result: immediate
configure:22763: creating ./config.status

## ---------------- ##
## Cache variables. ##
## ---------------- ##

ac_cv_build=i686-pc-linux-gnu
ac_cv_c_compiler_gnu=yes
ac_cv_cxx_compiler_gnu=yes
ac_cv_env_CCC_set=
ac_cv_env_CCC_value=
ac_cv_env_CC_set=
ac_cv_env_CC_value=
ac_cv_env_CFLAGS_set=
ac_cv_env_CFLAGS_value=
ac_cv_env_CPPFLAGS_set=
ac_cv_env_CPPFLAGS_value=
ac_cv_env_CPP_set=
ac_cv_env_CPP_value=
ac_cv_env_CXXCPP_set=
ac_cv_env_CXXCPP_value=
ac_cv_env_CXXFLAGS_set=
ac_cv_env_CXXFLAGS_value=
ac_cv_env_CXX_set=
ac_cv_env_CXX_value=
ac_cv_env_F77_set=
ac_cv_env_F77_value=
ac_cv_env_FFLAGS_set=
ac_cv_env_FFLAGS_value=
ac_cv_env_LDFLAGS_set=
ac_cv_env_LDFLAGS_value=
ac_cv_env_LIBS_set=
ac_cv_env_LIBS_value=
ac_cv_env_build_alias_set=
ac_cv_env_build_alias_value=
ac_cv_env_host_alias_set=
ac_cv_env_host_alias_value=
ac_cv_env_target_alias_set=
ac_cv_env_target_alias_value=
ac_cv_f77_compiler_gnu=no
ac_cv_func_bind_textdomain_codeset=yes
ac_cv_func_dcgettext=yes
ac_cv_header_dlfcn_h=yes
ac_cv_header_inttypes_h=yes
ac_cv_header_libintl_h=yes
ac_cv_header_locale_h=yes
ac_cv_header_memory_h=yes
ac_cv_header_stdc=yes
ac_cv_header_stdint_h=yes
ac_cv_header_stdlib_h=yes
ac_cv_header_string_h=yes
ac_cv_header_strings_h=yes
ac_cv_header_sys_stat_h=yes
ac_cv_header_sys_types_h=yes
ac_cv_header_unistd_h=yes
ac_cv_host=i686-pc-linux-gnu
ac_cv_objext=o
ac_cv_path_EGREP='/bin/grep -E'
ac_cv_path_GMSGFMT=/usr/bin/msgfmt
ac_cv_path_GREP=/bin/grep
ac_cv_path_MSGFMT=/usr/bin/msgfmt
ac_cv_path_XGETTEXT=/usr/bin/xgettext
ac_cv_path_install='/usr/bin/install -c'
ac_cv_path_mkdir=/bin/mkdir
ac_cv_prog_AWK=mawk
ac_cv_prog_CPP='gcc -E'
ac_cv_prog_CXXCPP='g++ -E'
ac_cv_prog_ac_ct_AR=ar
ac_cv_prog_ac_ct_CC=gcc
ac_cv_prog_ac_ct_CXX=g++
ac_cv_prog_ac_ct_RANLIB=ranlib
ac_cv_prog_ac_ct_STRIP=strip
ac_cv_prog_cc_c89=
ac_cv_prog_cc_g=yes
ac_cv_prog_cxx_g=yes
ac_cv_prog_f77_g=no
ac_cv_prog_make_make_set=yes
ac_cv_search_strerror='none required'
am_cv_CC_dependencies_compiler_type=gcc3
am_cv_CXX_dependencies_compiler_type=gcc3
am_cv_prog_cc_stdc=
am_cv_val_LC_MESSAGES=yes
gt_cv_func_dgettext_libc=yes
gt_cv_func_dgettext_libintl=no
gt_cv_func_ngettext_libc=yes
gt_cv_have_gettext=yes
lt_cv_deplibs_check_method=pass_all
lt_cv_file_magic_cmd='$MAGIC_CMD'
lt_cv_file_magic_test_file=
lt_cv_ld_reload_flag=-r
lt_cv_objdir=.libs
lt_cv_path_LD=/usr/bin/ld
lt_cv_path_LDCXX=/usr/bin/ld
lt_cv_path_NM='/usr/bin/nm -B'
lt_cv_path_SED=/bin/sed
lt_cv_prog_compiler_c_o=yes
lt_cv_prog_compiler_c_o_CXX=yes
lt_cv_prog_compiler_rtti_exceptions=no
lt_cv_prog_gnu_ld=yes
lt_cv_prog_gnu_ldcxx=yes
lt_cv_sys_global_symbol_pipe='sed -n -e '\''s/^.*[ 	]\([ABCDGIRSTW][ABCDGIRSTW]*\)[ 	][ 	]*\([_A-Za-z][_A-Za-z0-9]*\)$/\1 \2 \2/p'\'''
lt_cv_sys_global_symbol_to_c_name_address='sed -n -e '\''s/^: \([^ ]*\) $/  {\"\1\", (lt_ptr) 0},/p'\'' -e '\''s/^[BCDEGRST] \([^ ]*\) \([^ ]*\)$/  {"\2", (lt_ptr) \&\2},/p'\'''
lt_cv_sys_global_symbol_to_cdecl='sed -n -e '\''s/^. .* \(.*\)$/extern int \1;/p'\'''
lt_cv_sys_max_cmd_len=32768
lt_lt_cv_prog_compiler_c_o='"yes"'
lt_lt_cv_prog_compiler_c_o_CXX='"yes"'
lt_lt_cv_sys_global_symbol_pipe='"sed -n -e '\''s/^.*[ 	]\\([ABCDGIRSTW][ABCDGIRSTW]*\\)[ 	][ 	]*\\([_A-Za-z][_A-Za-z0-9]*\\)\$/\\1 \\2 \\2/p'\''"'
lt_lt_cv_sys_global_symbol_to_c_name_address='"sed -n -e '\''s/^: \\([^ ]*\\) \$/  {\\\"\\1\\\", (lt_ptr) 0},/p'\'' -e '\''s/^[BCDEGRST] \\([^ ]*\\) \\([^ ]*\\)\$/  {\"\\2\", (lt_ptr) \\&\\2},/p'\''"'
lt_lt_cv_sys_global_symbol_to_cdecl='"sed -n -e '\''s/^. .* \\(.*\\)\$/extern int \\1;/p'\''"'

## ----------------- ##
## Output variables. ##
## ----------------- ##

ACLOCAL='${SHELL} /home/diego/Projects/Interseccion/missing --run aclocal-1.10'
AMDEPBACKSLASH='\'
AMDEP_FALSE='#'
AMDEP_TRUE=''
AMTAR='${SHELL} /home/diego/Projects/Interseccion/missing --run tar'
AR='ar'
AUTOCONF='${SHELL} /home/diego/Projects/Interseccion/missing --run autoconf'
AUTOHEADER='${SHELL} /home/diego/Projects/Interseccion/missing --run autoheader'
AUTOMAKE='${SHELL} /home/diego/Projects/Interseccion/missing --run automake-1.10'
AWK='mawk'
CATALOGS=''
CATOBJEXT='.gmo'
CC='gcc'
CCDEPMODE='depmode=gcc3'
CFLAGS='-g -O2'
CPP='gcc -E'
CPPFLAGS=''
CXX='g++'
CXXCPP='g++ -E'
CXXDEPMODE='depmode=gcc3'
CXXFLAGS='-g -O2'
CYGPATH_W='echo'
DATADIRNAME='share'
DEFS='-DHAVE_CONFIG_H'
DEPDIR='.deps'
ECHO='echo'
ECHO_C=''
ECHO_N='-n'
ECHO_T=''
EGREP='/bin/grep -E'
EXEEXT=''
F77=''
FFLAGS=''
GETTEXT_PACKAGE='Interseccion'
GMOFILES=''
GMSGFMT='/usr/bin/msgfmt'
GREP='/bin/grep'
INSTALL_DATA='${INSTALL} -m 644'
INSTALL_PROGRAM='${INSTALL}'
INSTALL_SCRIPT='${INSTALL}'
INSTALL_STRIP_PROGRAM='$(install_sh) -c -s'
INSTOBJEXT='.mo'
INTLLIBS=''
LDFLAGS=''
LIBOBJS=''
LIBS=''
LIBTOOL='$(SHELL) $(top_builddir)/libtool'
LN_S='ln -s'
LTLIBOBJS=''
MAINT=''
MAINTAINER_MODE_FALSE='#'
MAINTAINER_MODE_TRUE=''
MAKEINFO='${SHELL} /home/diego/Projects/Interseccion/missing --run makeinfo'
MKINSTALLDIRS='./mkinstalldirs'
MSGFMT='/usr/bin/msgfmt'
NO_PREFIX_PACKAGE_DATA_DIR='share'
NO_PREFIX_PACKAGE_DOC_DIR='doc/Interseccion'
NO_PREFIX_PACKAGE_HELP_DIR='share/help'
NO_PREFIX_PACKAGE_MENU_DIR='share'
NO_PREFIX_PACKAGE_PIXMAPS_DIR='share/pixmaps'
OBJEXT='o'
PACKAGE='Interseccion'
PACKAGE_BUGREPORT=''
PACKAGE_DATA_DIR='/usr/local/share'
PACKAGE_DOC_DIR='/usr/local/doc/Interseccion'
PACKAGE_HELP_DIR='/usr/local/share/help'
PACKAGE_MENU_DIR='/usr/local/share'
PACKAGE_NAME=''
PACKAGE_PIXMAPS_DIR='/usr/local/share/pixmaps'
PACKAGE_STRING=''
PACKAGE_TARNAME=''
PACKAGE_VERSION=''
PATH_SEPARATOR=':'
POFILES=''
POSUB='po'
PO_IN_DATADIR_FALSE=''
PO_IN_DATADIR_TRUE=''
RANLIB='ranlib'
SET_MAKE=''
SHELL='/bin/sh'
STRIP='strip'
USE_NLS='yes'
VERSION='0.1'
XGETTEXT='/usr/bin/xgettext'
ac_ct_CC='gcc'
ac_ct_CXX='g++'
ac_ct_F77=''
am__fastdepCC_FALSE='#'
am__fastdepCC_TRUE=''
am__fastdepCXX_FALSE='#'
am__fastdepCXX_TRUE=''
am__include='include'
am__isrc=''
am__leading_dot='.'
am__quote=''
am__tar='${AMTAR} chof - "$$tardir"'
am__untar='${AMTAR} xf -'
bindir='${exec_prefix}/bin'
build='i686-pc-linux-gnu'
build_alias=''
build_cpu='i686'
build_os='linux-gnu'
build_vendor='pc'
datadir='${datarootdir}'
datarootdir='${prefix}/share'
docdir='${datarootdir}/doc/${PACKAGE}'
dvidir='${docdir}'
exec_prefix='${prefix}'
host='i686-pc-linux-gnu'
host_alias=''
host_cpu='i686'
host_os='linux-gnu'
host_vendor='pc'
htmldir='${docdir}'
includedir='${prefix}/include'
infodir='${datarootdir}/info'
install_sh='$(SHELL) /home/diego/Projects/Interseccion/install-sh'
libdir='${exec_prefix}/lib'
libexecdir='${exec_prefix}/libexec'
localedir='${datarootdir}/locale'
localstatedir='${prefix}/var'
mandir='${datarootdir}/man'
mkdir_p='/bin/mkdir -p'
oldincludedir='/usr/include'
pdfdir='${docdir}'
prefix='/usr/local'
program_transform_name='s,x,x,'
psdir='${docdir}'
sbindir='${exec_prefix}/sbin'
sharedstatedir='${prefix}/com'
sysconfdir='${prefix}/etc'
target_alias=''

## ----------- ##
## confdefs.h. ##
## ----------- ##

#define PACKAGE_NAME ""
#define PACKAGE_TARNAME ""
#define PACKAGE_VERSION ""
#define PACKAGE_STRING ""
#define PACKAGE_BUGREPORT ""
#define PACKAGE "Interseccion"
#define VERSION "0.1"
#define STDC_HEADERS 1
#define GETTEXT_PACKAGE "Interseccion"
#define HAVE_SYS_TYPES_H 1
#define HAVE_SYS_STAT_H 1
#define HAVE_STDLIB_H 1
#define HAVE_STRING_H 1
#define HAVE_MEMORY_H 1
#define HAVE_STRINGS_H 1
#define HAVE_INTTYPES_H 1
#define HAVE_STDINT_H 1
#define HAVE_UNISTD_H 1
#define HAVE_LOCALE_H 1
#define HAVE_LC_MESSAGES 1
#define HAVE_BIND_TEXTDOMAIN_CODESET 1
#define HAVE_GETTEXT 1
#define HAVE_DCGETTEXT 1
#define ENABLE_NLS 1
#define HAVE_DLFCN_H 1
#define PACKAGE_LOCALE_DIR "/usr/local/share/locale"
#define PACKAGE_DATA_DIR "/usr/local/share"
#define PACKAGE_DOC_DIR "/usr/local/doc/Interseccion"
#define PACKAGE_PIXMAPS_DIR "/usr/local/share/pixmaps"
#define PACKAGE_HELP_DIR "/usr/local/share/help"
#define PACKAGE_MENU_DIR "/usr/local/share"
#define PACKAGE_SOURCE_DIR "/home/diego/Projects/Interseccion"

configure: exit 0

## ---------------------- ##
## Running config.status. ##
## ---------------------- ##

This file was extended by config.status, which was
generated by GNU Autoconf 2.61.  Invocation command line was

  CONFIG_FILES    = 
  CONFIG_HEADERS  = 
  CONFIG_LINKS    = 
  CONFIG_COMMANDS = 
  $ ./config.status 

on debian.pc.diego

config.status:695: creating Makefile
config.status:695: creating po/Makefile.in
config.status:835: WARNING:  po/Makefile.in.in seems to ignore the --datarootdir setting
config.status:695: creating include/Makefile
config.status:695: creating src/Makefile
config.status:695: creating config.h
config.status:936: config.h is unchanged
config.status:982: executing depfiles commands
config.status:982: executing default-1 commands

## ---------------------- ##
## Running config.status. ##
## ---------------------- ##

This file was extended by config.status, which was
generated by GNU Autoconf 2.61.  Invocation command line was

  CONFIG_FILES    = 
  CONFIG_HEADERS  = 
  CONFIG_LINKS    = 
  CONFIG_COMMANDS = 
  $ ./config.status config.h

on debian.pc.diego

config.status:695: creating config.h
config.status:936: config.h is unchanged

## ---------------------- ##
## Running config.status. ##
## ---------------------- ##

This file was extended by config.status, which was
generated by GNU Autoconf 2.61.  Invocation command line was

  CONFIG_FILES    = 
  CONFIG_HEADERS  = 
  CONFIG_LINKS    = 
  CONFIG_COMMANDS = 
  $ ./config.status include/Makefile

on debian.pc.diego

config.status:695: creating include/Makefile
