This is pdfTeXk, Version 3.1415926-1.40.9 (Web2C 7.5.7) (format=pdflatex 2011.8.1)  25 AUG 2011 01:31
entering extended mode
 %&-line parsing enabled.
**main.tex
(./main.tex
LaTeX2e <2005/12/01>
Babel <v3.8l> and hyphenation patterns for english, usenglishmax, dumylang, noh
yphenation, catalan, galician, spanish, loaded.
(/usr/share/texmf-dist/tex/latex/base/book.cls
Document Class: book 2005/09/16 v1.4f Standard LaTeX document class
(/usr/share/texmf-dist/tex/latex/base/bk12.clo
File: bk12.clo 2005/09/16 v1.4f Standard LaTeX file (size option)
)
\c@part=\count79
\c@chapter=\count80
\c@section=\count81
\c@subsection=\count82
\c@subsubsection=\count83
\c@paragraph=\count84
\c@subparagraph=\count85
\c@figure=\count86
\c@table=\count87
\abovecaptionskip=\skip41
\belowcaptionskip=\skip42
\bibindent=\dimen102
)
(/usr/share/texmf-dist/tex/latex/base/inputenc.sty
Package: inputenc 2006/05/05 v1.1b Input encoding file
\inpenc@prehook=\toks14
\inpenc@posthook=\toks15

(/usr/share/texmf-dist/tex/latex/ucs/utf8x.def
File: utf8x.def 2004/10/17 UCS: Input encoding UTF-8
))
(/usr/share/texmf-dist/tex/latex/ucs/ucs.sty
Package: ucs 2004/10/17 UCS: Unicode input support

(/usr/share/texmf-dist/tex/latex/ucs/data/uni-global.def
File: uni-global.def 2004/10/17 UCS: Unicode global data
)
\uc@secondtry=\count88
\uc@combtoks=\toks16
\uc@combtoksb=\toks17
\uc@temptokena=\toks18
)
(/usr/share/texmf-dist/tex/generic/babel/babel.sty
Package: babel 2008/07/06 v3.8l The Babel package

(/usr/share/texmf-dist/tex/generic/babel/spanish.ldf
Language: spanish.ldf 2008/07/06 v5.0e Spanish support from the babel system

(/usr/share/texmf-dist/tex/generic/babel/babel.def
File: babel.def 2008/07/06 v3.8l Babel common definitions
\babel@savecnt=\count89
\U@D=\dimen103
)
\es@datefmt=\count90
\es@quottoks=\toks19
\es@quotdepth=\count91
Package babel Info: Making " an active character on input line 490.
Package babel Info: Making . an active character on input line 583.
Package babel Info: Making < an active character on input line 628.
Package babel Info: Making > an active character on input line 628.
))
(/usr/share/texmf-dist/tex/latex/amsmath/amsmath.sty
Package: amsmath 2000/07/18 v2.13 AMS math features
\@mathmargin=\skip43

For additional information on amsmath, use the `?' option.
(/usr/share/texmf-dist/tex/latex/amsmath/amstext.sty
Package: amstext 2000/06/29 v2.01

(/usr/share/texmf-dist/tex/latex/amsmath/amsgen.sty
File: amsgen.sty 1999/11/30 v2.0
\@emptytoks=\toks20
\ex@=\dimen104
))
(/usr/share/texmf-dist/tex/latex/amsmath/amsbsy.sty
Package: amsbsy 1999/11/29 v1.2d
\pmbraise@=\dimen105
)
(/usr/share/texmf-dist/tex/latex/amsmath/amsopn.sty
Package: amsopn 1999/12/14 v2.01 operator names
)
\inf@bad=\count92
LaTeX Info: Redefining \frac on input line 211.
\uproot@=\count93
\leftroot@=\count94
LaTeX Info: Redefining \overline on input line 307.
\classnum@=\count95
\DOTSCASE@=\count96
LaTeX Info: Redefining \ldots on input line 379.
LaTeX Info: Redefining \dots on input line 382.
LaTeX Info: Redefining \cdots on input line 467.
\Mathstrutbox@=\box26
\strutbox@=\box27
\big@size=\dimen106
LaTeX Font Info:    Redeclaring font encoding OML on input line 567.
LaTeX Font Info:    Redeclaring font encoding OMS on input line 568.
\macc@depth=\count97
\c@MaxMatrixCols=\count98
\dotsspace@=\muskip10
\c@parentequation=\count99
\dspbrk@lvl=\count100
\tag@help=\toks21
\row@=\count101
\column@=\count102
\maxfields@=\count103
\andhelp@=\toks22
\eqnshift@=\dimen107
\alignsep@=\dimen108
\tagshift@=\dimen109
\tagwidth@=\dimen110
\totwidth@=\dimen111
\lineht@=\dimen112
\@envbody=\toks23
\multlinegap=\skip44
\multlinetaggap=\skip45
\mathdisplay@stack=\toks24
LaTeX Info: Redefining \[ on input line 2666.
LaTeX Info: Redefining \] on input line 2667.
)
(/usr/share/texmf-dist/tex/latex/amscls/amsthm.sty
Package: amsthm 2004/08/06 v2.20
\thm@style=\toks25
\thm@bodyfont=\toks26
\thm@headfont=\toks27
\thm@notefont=\toks28
\thm@headpunct=\toks29
\thm@preskip=\skip46
\thm@postskip=\skip47
\thm@headsep=\skip48
\dth@everypar=\toks30
)
(/usr/share/texmf-dist/tex/latex/amsfonts/amsfonts.sty
Package: amsfonts 2001/10/25 v2.2f
\symAMSa=\mathgroup4
\symAMSb=\mathgroup5
LaTeX Font Info:    Overwriting math alphabet `\mathfrak' in version `bold'
(Font)                  U/euf/m/n --> U/euf/b/n on input line 132.
)
(/usr/share/texmf-dist/tex/latex/graphics/graphicx.sty
Package: graphicx 1999/02/16 v1.0f Enhanced LaTeX Graphics (DPC,SPQR)

(/usr/share/texmf-dist/tex/latex/graphics/keyval.sty
Package: keyval 1999/03/16 v1.13 key=value parser (DPC)
\KV@toks@=\toks31
)
(/usr/share/texmf-dist/tex/latex/graphics/graphics.sty
Package: graphics 2006/02/20 v1.0o Standard LaTeX Graphics (DPC,SPQR)

(/usr/share/texmf-dist/tex/latex/graphics/trig.sty
Package: trig 1999/03/16 v1.09 sin cos tan (DPC)
)
(/usr/share/texmf/tex/latex/config/graphics.cfg
File: graphics.cfg 2007/01/18 v1.5 graphics configuration of teTeX/TeXLive
)
Package graphics Info: Driver file: pdftex.def on input line 90.

(/usr/share/texmf-dist/tex/latex/pdftex-def/pdftex.def
File: pdftex.def 2008/07/16 v0.04k Graphics/color for pdfTeX
\Gread@gobject=\count104
))
\Gin@req@height=\dimen113
\Gin@req@width=\dimen114
)
(/usr/share/texmf-dist/tex/generic/pstricks/latex/pstricks.sty
Package: pstricks 2008/01/24 v0.37 LaTeX wrapper for `PSTricks' (RN,HV)

(/usr/share/texmf-dist/tex/generic/pstricks/pstricks.tex
`PSTricks' v1.26  <2008/07/31> (tvz)
\pst@dima=\dimen115
\pst@dimb=\dimen116
\pst@dimc=\dimen117
\pst@dimd=\dimen118
\pst@dimg=\dimen119
\pst@dimh=\dimen120
\pst@hbox=\box28
\pst@boxg=\box29
\pst@cnta=\count105
\pst@cntb=\count106
\pst@cntc=\count107
\pst@cntd=\count108
\pst@cntg=\count109
\pst@cnth=\count110
\pst@toks=\toks32
(/usr/share/texmf-dist/tex/generic/pstricks/pstricks.con)
\psunit=\dimen121
\psxunit=\dimen122
\psyunit=\dimen123
\pslinewidth=\dimen124
\pst@customdefs=\toks33
\pslinearc=\dimen125
\everypsbox=\toks34
\psframesep=\dimen126
\pslabelsep=\dimen127
\pst@shift=\dimen128
\theoverlaybox=\box30
)
File: pstricks.tex 2008/07/31 v1.26 `PSTricks' (tvz)

(/usr/share/texmf-site/tex/latex/xcolor/xcolor.sty
Package: xcolor 2007/01/21 v2.11 LaTeX color extensions (UK)

(/usr/share/texmf/tex/latex/config/color.cfg
File: color.cfg 2007/01/18 v1.5 color configuration of teTeX/TeXLive
)
Package xcolor Info: Package option `override' ignored on input line 216.
Package xcolor Info: Driver file: pdftex.def on input line 225.
Package xcolor Info: Model `cmy' substituted by `cmy0' on input line 1337.
Package xcolor Info: Model `hsb' substituted by `rgb' on input line 1341.
Package xcolor Info: Model `RGB' extended on input line 1353.
Package xcolor Info: Model `HTML' substituted by `rgb' on input line 1355.
Package xcolor Info: Model `Hsb' substituted by `hsb' on input line 1356.
Package xcolor Info: Model `tHsb' substituted by `hsb' on input line 1357.
Package xcolor Info: Model `HSB' substituted by `hsb' on input line 1358.
Package xcolor Info: Model `Gray' substituted by `gray' on input line 1359.
Package xcolor Info: Model `wave' substituted by `hsb' on input line 1360.
))
(/usr/share/texmf-dist/tex/generic/pstricks/latex/pst-node.sty
Package: pst-node 2006/01/01 package wrapper for pst-node.tex

(/usr/share/texmf-dist/tex/generic/pstricks/pst-node.tex  v1.00, 2007/10/16
\psrow=\count111
\pscol=\count112
\psmatrixcnt=\count113
\psrowsep=\skip49
\pscolsep=\skip50
)
File: pst-node.tex 2007/10/16 1.00 `pst-node' (tvz)
)
(/usr/share/texmf-dist/tex/generic/pstricks/latex/pst-plot.sty
Package: pst-plot 2004/07/15 package wrapper for pst-plot.tex

(/usr/share/texmf-dist/tex/generic/pstricks/pst-plot.tex
(/usr/share/texmf-dist/tex/generic/multido/multido.tex
 v1.41, 2004/05/18 <tvz>
\multido@count=\count114
\multidocount=\count115
\multido@stuff=\toks35
)  v1.01, 2008/01/26)
File: pst-plot.tex 2008/01/26 1.01 `pst-plot' (tvz)
)
(/usr/share/texmf-dist/tex/latex/pst-text/pst-text.sty
Package: pst-text 2006/01/01 package wrapper for pst-text.tex (hv)

(/usr/share/texmf-dist/tex/generic/pst-text/pst-text.tex
 v1.00, 2006/11/05(tvz,hv))
File: pst-text.tex 2006/11/05 1.00 `pst-text' (tvz)
)
(/usr/share/texmf-dist/tex/latex/pst-coil/pst-coil.sty
Package: pst-coil 2006/08/11 package wrapper for pst-coil.tex (hv)

(/usr/share/texmf-dist/tex/generic/pst-coil/pst-coil.tex  v1.00, 2006/11/05
(/usr/share/texmf-dist/tex/generic/xkeyval/pst-xkey.tex
File: pst-xkey.tex 2005/11/25 v1.6 PSTricks specialization of xkeyval (HA)

(/usr/share/texmf-dist/tex/latex/xkeyval/xkeyval.sty
Package: xkeyval 2008/08/13 v2.6a package option processing (HA)

(/usr/share/texmf-dist/tex/generic/xkeyval/xkeyval.tex
\XKV@toks=\toks36
\XKV@tempa@toks=\toks37
\XKV@depth=\count116
File: xkeyval.tex 2008/08/13 v2.6a key=value parser (HA)
))))
File: pst-coil.tex 2006/11/05 v1.00 `pst-coil' (tvz)
)
(/usr/share/texmf-dist/tex/latex/hyperref/hyperref.sty
Package: hyperref 2008/08/14 v6.78f Hypertext links for LaTeX

(/usr/share/texmf-dist/tex/generic/oberdiek/ifpdf.sty
Package: ifpdf 2007/12/12 v1.6 Provides the ifpdf switch (HO)
Package ifpdf Info: pdfTeX in pdf mode detected.
)
(/usr/share/texmf-dist/tex/generic/oberdiek/ifvtex.sty
Package: ifvtex 2007/09/09 v1.3 Switches for detecting VTeX and its modes (HO)
Package ifvtex Info: VTeX not detected.
)
(/usr/share/texmf-dist/tex/generic/ifxetex/ifxetex.sty
Package: ifxetex 2006/08/21 v0.3 Provides ifxetex conditional
)
(/usr/share/texmf-dist/tex/latex/oberdiek/hycolor.sty
Package: hycolor 2008/08/01 v1.3 Code for color options of hyperref/bookmark (H
O)

(/usr/share/texmf-dist/tex/latex/oberdiek/xcolor-patch.sty
Package: xcolor-patch 2008/08/01 xcolor patch
))
\@linkdim=\dimen129
\Hy@linkcounter=\count117
\Hy@pagecounter=\count118

(/usr/share/texmf-dist/tex/latex/hyperref/pd1enc.def
File: pd1enc.def 2008/08/14 v6.78f Hyperref: PDFDocEncoding definition (HO)
)
(/usr/share/texmf-dist/tex/generic/oberdiek/etexcmds.sty
Package: etexcmds 2007/12/12 v1.2 Prefix for e-TeX command names (HO)

(/usr/share/texmf-dist/tex/generic/oberdiek/infwarerr.sty
Package: infwarerr 2007/09/09 v1.2 Providing info/warning/message (HO)
)
Package etexcmds Info: Could not find \expanded.
(etexcmds)             That can mean that you are not using pdfTeX 1.50 or
(etexcmds)             that some package has redefined \expanded.
(etexcmds)             In the latter case, load this package earlier.
)
(/usr/share/texmf/tex/latex/config/hyperref.cfg
File: hyperref.cfg 2002/06/06 v1.2 hyperref configuration of TeXLive
)
(/usr/share/texmf-dist/tex/latex/oberdiek/kvoptions.sty
Package: kvoptions 2007/10/18 v3.0 Keyval support for LaTeX options (HO)
)
Package hyperref Info: Hyper figures OFF on input line 2876.
Package hyperref Info: Link nesting OFF on input line 2881.
Package hyperref Info: Hyper index ON on input line 2884.
Package hyperref Info: Plain pages OFF on input line 2891.
Package hyperref Info: Backreferencing OFF on input line 2896.

Implicit mode ON; LaTeX internals redefined
Package hyperref Info: Bookmarks ON on input line 3086.
(/usr/share/texmf-dist/tex/latex/ltxmisc/url.sty
\Urlmuskip=\muskip11
Package: url 2006/04/12  ver 3.3  Verb mode for urls, etc.
)
LaTeX Info: Redefining \url on input line 3272.

(/usr/share/texmf-dist/tex/generic/oberdiek/bitset.sty
Package: bitset 2007/09/28 v1.0 Data type bit set (HO)

(/usr/share/texmf-dist/tex/generic/oberdiek/intcalc.sty
Package: intcalc 2007/09/27 v1.1 Expandable integer calculations (HO)
)
(/usr/share/texmf-dist/tex/generic/oberdiek/bigintcalc.sty
Package: bigintcalc 2007/11/11 v1.1 Expandable big integer calculations (HO)

(/usr/share/texmf-dist/tex/generic/oberdiek/pdftexcmds.sty
Package: pdftexcmds 2007/12/12 v0.3 LuaTeX support for pdfTeX utility functions
 (HO)
Package pdftexcmds Info: LuaTeX not detected on input line 139.
)))
(/usr/share/texmf-dist/tex/generic/oberdiek/kvsetkeys.sty
Package: kvsetkeys 2007/09/29 v1.3 Key value parser with default handler suppor
t (HO)
)
\Fld@menulength=\count119
\Field@Width=\dimen130
\Fld@charsize=\dimen131
\Field@toks=\toks38
Package hyperref Info: Hyper figures OFF on input line 4189.
Package hyperref Info: Link nesting OFF on input line 4194.
Package hyperref Info: Hyper index ON on input line 4197.
Package hyperref Info: backreferencing OFF on input line 4204.
Package hyperref Info: Link coloring OFF on input line 4209.
Package hyperref Info: Link coloring with OCG OFF on input line 4214.
Package hyperref Info: PDF/A mode OFF on input line 4219.

(/usr/share/texmf-dist/tex/generic/oberdiek/atbegshi.sty
Package: atbegshi 2008/07/31 v1.9 At begin shipout hook (HO)
)
\Hy@abspage=\count120
\c@Item=\count121
\c@Hfootnote=\count122
)
*hyperref using default driver hpdftex*
(/usr/share/texmf-dist/tex/latex/hyperref/hpdftex.def
File: hpdftex.def 2008/08/14 v6.78f Hyperref driver for pdfTeX
\Fld@listcount=\count123
)
(/usr/share/texmf-dist/tex/latex/fancyhdr/fancyhdr.sty
\fancy@headwidth=\skip51
\f@ncyO@elh=\skip52
\f@ncyO@erh=\skip53
\f@ncyO@olh=\skip54
\f@ncyO@orh=\skip55
\f@ncyO@elf=\skip56
\f@ncyO@erf=\skip57
\f@ncyO@olf=\skip58
\f@ncyO@orf=\skip59
)
(/usr/share/texmf-dist/tex/latex/eso-pic/eso-pic.sty
Package: eso-pic 2006/07/14 v1.1d eso-pic (RN)

(/usr/share/texmf-dist/tex/latex/ms/everyshi.sty
Package: everyshi 2001/05/15 v3.00 EveryShipout Package (MS)
))
(/usr/share/texmf-dist/tex/latex/tools/calc.sty
Package: calc 2005/08/06 v4.2 Infix arithmetic (KKT,FJ)
\calc@Acount=\count124
\calc@Bcount=\count125
\calc@Adimen=\dimen132
\calc@Bdimen=\dimen133
\calc@Askip=\skip60
\calc@Bskip=\skip61
LaTeX Info: Redefining \setlength on input line 75.
LaTeX Info: Redefining \addtolength on input line 76.
\calc@Ccount=\count126
\calc@Cskip=\skip62
)
(/usr/share/texmf-dist/tex/latex/tools/multicol.sty
Package: multicol 2006/05/18 v1.6g multicolumn formatting (FMi)
\c@tracingmulticols=\count127
\mult@box=\box31
\multicol@leftmargin=\dimen134
\c@unbalance=\count128
\c@collectmore=\count129
\doublecol@number=\count130
\multicoltolerance=\count131
\multicolpretolerance=\count132
\full@width=\dimen135
\page@free=\dimen136
\premulticols=\dimen137
\postmulticols=\dimen138
\multicolsep=\skip63
\multicolbaselineskip=\skip64
\partial@page=\box32
\last@line=\box33
\mult@rightbox=\box34
\mult@grightbox=\box35
\mult@gfirstbox=\box36
\mult@firstbox=\box37
\@tempa=\box38
\@tempa=\box39
\@tempa=\box40
\@tempa=\box41
\@tempa=\box42
\@tempa=\box43
\@tempa=\box44
\@tempa=\box45
\@tempa=\box46
\@tempa=\box47
\@tempa=\box48
\@tempa=\box49
\@tempa=\box50
\@tempa=\box51
\@tempa=\box52
\@tempa=\box53
\@tempa=\box54
\c@columnbadness=\count133
\c@finalcolumnbadness=\count134
\last@try=\dimen139
\multicolovershoot=\dimen140
\multicolundershoot=\dimen141
\mult@nat@firstbox=\box55
\colbreak@box=\box56
)
(/usr/share/texmf-dist/tex/latex/listings/listings.sty
\lst@mode=\count135
\lst@gtempboxa=\box57
\lst@token=\toks39
\lst@length=\count136
\lst@currlwidth=\dimen142
\lst@column=\count137
\lst@pos=\count138
\lst@lostspace=\dimen143
\lst@width=\dimen144
\lst@newlines=\count139
\lst@lineno=\count140
\lst@maxwidth=\dimen145

(/usr/share/texmf-dist/tex/latex/listings/lstmisc.sty
File: lstmisc.sty 2007/02/22 1.4 (Carsten Heinz)
\c@lstnumber=\count141
\lst@skipnumbers=\count142
\lst@framebox=\box58
)
(/usr/share/texmf-dist/tex/latex/listings/listings.cfg
File: listings.cfg 2007/02/22 1.4 listings configuration
))
Package: listings 2007/02/22 1.4 (Carsten Heinz)
\c@thm=\count143
\@indexfile=\write3
\openout3 = `main.idx'.


Writing index file main.idx
(./main.aux (./pre.aux) (./cap1.aux) (./cap2.aux) (./cap3.aux) (./bib.aux))
\openout1 = `main.aux'.

LaTeX Font Info:    Checking defaults for OML/cmm/m/it on input line 47.
LaTeX Font Info:    ... okay on input line 47.
LaTeX Font Info:    Checking defaults for T1/cmr/m/n on input line 47.
LaTeX Font Info:    ... okay on input line 47.
LaTeX Font Info:    Checking defaults for OT1/cmr/m/n on input line 47.
LaTeX Font Info:    ... okay on input line 47.
LaTeX Font Info:    Checking defaults for OMS/cmsy/m/n on input line 47.
LaTeX Font Info:    ... okay on input line 47.
LaTeX Font Info:    Checking defaults for OMX/cmex/m/n on input line 47.
LaTeX Font Info:    ... okay on input line 47.
LaTeX Font Info:    Checking defaults for U/cmr/m/n on input line 47.
LaTeX Font Info:    ... okay on input line 47.
LaTeX Font Info:    Checking defaults for PD1/pdf/m/n on input line 47.
LaTeX Font Info:    ... okay on input line 47.

(/usr/share/texmf-dist/tex/latex/ucs/ucsencs.def
File: ucsencs.def 2003/11/29 Fixes to fontencodings LGR, T3
)
Package hyperref Info: Link coloring OFF on input line 47.

(/usr/share/texmf-dist/tex/latex/hyperref/nameref.sty
Package: nameref 2007/05/29 v2.31 Cross-referencing by name of section

(/usr/share/texmf-dist/tex/latex/oberdiek/refcount.sty
Package: refcount 2008/08/11 v3.1 Data extraction from references (HO)
)
\c@section@level=\count144
)
LaTeX Info: Redefining \ref on input line 47.
LaTeX Info: Redefining \pageref on input line 47.
 (./main.out)
(./main.out)
\@outlinefile=\write4
\openout4 = `main.out'.

\AtBeginShipoutBox=\box59
 ABD: EveryShipout initializing macros
\c@lstlisting=\count145
\openout2 = `pre.aux'.

 (./pre.tex [1
Non-PDF special ignored!
Non-PDF special ignored!
Non-PDF special ignored!
Non-PDF special ignored!
Non-PDF special ignored!
Non-PDF special ignored!




{//var/lib/texmf/fonts/map/pdftex/updmap/pdftex.map}]
LaTeX Font Info:    Try loading font information for OMS+cmr on input line 23.

(/usr/share/texmf-dist/tex/latex/base/omscmr.fd
File: omscmr.fd 1999/05/25 v2.5h Standard LaTeX font definitions
)
LaTeX Font Info:    Font shape `OMS/cmr/m/n' in size <12> not available
(Font)              Font shape `OMS/cmsy/m/n' tried instead on input line 23.
LaTeX Font Info:    Try loading font information for U+msa on input line 41.

(/usr/share/texmf-dist/tex/latex/amsfonts/umsa.fd
File: umsa.fd 2002/01/19 v2.2g AMS font definitions
)
LaTeX Font Info:    Try loading font information for U+msb on input line 41.

(/usr/share/texmf-dist/tex/latex/amsfonts/umsb.fd
File: umsb.fd 2002/01/19 v2.2g AMS font definitions
) [2] [3] [4

]) [5] [6


]
(./main.toc [7])
\tf@toc=\write5
\openout5 = `main.toc'.

 [8]
\openout2 = `cap1.aux'.

 (./cap1.tex
Cap\'{\i }tulo 1.
(/usr/share/texmf-dist/tex/latex/ucs/data/uni-0.def
File: uni-0.def 2004/10/17 UCS: Unicode data U+0000..U+00FF
) [1




]) [2]
\openout2 = `cap2.aux'.

 (./cap2.tex
Cap\'{\i }tulo 2.

Overfull \hbox (24.24525pt too wide) in paragraph at lines 15--15
[]\OT1/cmtt/m/n/12 ".2..06.74....7..3.1.02..81....5.9.........A.342.4.2.1..3...
...A36.2..........8.[] 
 []


Overfull \hbox (24.24525pt too wide) in paragraph at lines 26--26
[]\OT1/cmtt/m/n/12 "6193B07A24850AB43528967175281694A03B8B47610235A99610A45382B
7235A78B96104B4390A6[] 
 []

[3




]
Overfull \hbox (24.24525pt too wide) in paragraph at lines 37--37
[]\OT1/cmtt/m/n/12 "6193.07A24850AB43528967175281694A03B8B47610235A99610A45382B
7235A78B96104B4390A6[] 
 []


Overfull \hbox (24.24525pt too wide) in paragraph at lines 47--47
[]\OT1/cmtt/m/n/12 "............BA98765432.....................................
....................[] 
 []

[4]
Overfull \hbox (5.72025pt too wide) in paragraph at lines 61--61
[]\OT1/cmtt/m/n/12 let rec cadenahaciaListadeChar = function str -> let long = 
string_length str[] 
 []

[5] [6] [7] [8] [9] [10] [11]
Overfull \hbox (24.24525pt too wide) in paragraph at lines 331--331
[]\OT1/cmtt/m/n/12 [1+n*12;2+n*12;3+n*12;4+n*12;5+n*12;6+n*12;7+n*12;8+n*12;9+n
*12;10+n*12;11+n*12;[] 
 []

[12] [13]
Overfull \hbox (24.24525pt too wide) in paragraph at lines 396--396
[]\OT1/cmtt/m/n/12 let rec elemento (indice,recorrido,tabla) = if(indice = reco
rrido) then hd tabla[] 
 []

[14]
Overfull \hbox (36.59526pt too wide) in paragraph at lines 412--412
[]\OT1/cmtt/m/n/12 let rec buscarElemento (elementoIndice,tablero,contador) = f
unction [] -> contador[] 
 []

[15]
Overfull \hbox (5.72025pt too wide) in paragraph at lines 460--460
[]\OT1/cmtt/m/n/12 let rec sonlosCuadradosCorrectos (indice,tablero) = if indic
e > 144 then true[] 
 []


Overfull \hbox (5.72025pt too wide) in paragraph at lines 460--460
[]\OT1/cmtt/m/n/12 (elemento(indice,1,tablero),tablero,0) (listaCuadrado indice
)) > 1 then false[] 
 []

[16]
Overfull \hbox (24.24525pt too wide) in paragraph at lines 502--502
[]\OT1/cmtt/m/n/12 let rec elementosListadeEnteros (listaFinal,tablero) = funct
ion [] -> listaFinal[] 
 []


Overfull \hbox (11.89525pt too wide) in paragraph at lines 502--502
[]\OT1/cmtt/m/n/12 elementosListadeEnteros ((listaFinal@[(elemento(h, 1, tabler
o))]),tablero) f;;[] 
 []

[17]
Overfull \hbox (18.07025pt too wide) in paragraph at lines 526--526
[]\OT1/cmtt/m/n/12 let elementosColumna (elemento,tablero) = elementosListadeEn
teros ([], tablero)[] 
 []


Overfull \hbox (24.24525pt too wide) in paragraph at lines 539--539
[]\OT1/cmtt/m/n/12 let elementosCuadrado (elemento,tablero) = elementosListadeE
nteros ([], tablero)[] 
 []

[18] [19] [20]
Overfull \hbox (18.07025pt too wide) in paragraph at lines 635--635
[]\OT1/cmtt/m/n/12 [`0`;`1`;`2`;`3`;`4`;`5`;`6`;`7`;`8`;`9`;`A`;`B`;`.`] (orden
ar (eliminarBlancos[] 
 []

[21]
Overfull \hbox (24.24525pt too wide) in paragraph at lines 670--670
[]\OT1/cmtt/m/n/12 "6193B07A24850AB43528967175281694A03B8B47610235A99610A45382B
7235A78B96104B4390A6[] 
 []


Overfull \hbox (24.24525pt too wide) in paragraph at lines 676--676
[]\OT1/cmtt/m/n/12 "6193.07A24850AB43528967175281694A03B8B47610235A99610A45382B
7235A78B96104B4390A6[] 
 []

[22]
Overfull \hbox (24.24525pt too wide) in paragraph at lines 682--682
[]\OT1/cmtt/m/n/12 ".193B07A2485.AB435289671.5281694A03B.B47610235A99610A45382B
7235A78B96104B4390A6[] 
 []


Overfull \hbox (36.59526pt too wide) in paragraph at lines 697--697
[]\OT1/cmtt/m/n/12 let rec resolverSudokudeManeraFacil (indice, strTableroFinal
, strTableroInicial) =[] 
 []


Overfull \hbox (30.42026pt too wide) in paragraph at lines 697--697
[]\OT1/cmtt/m/n/12 else if ((elementoparaIndice 1 indice (cadenahaciaListadeCha
r strTableroInicial))[] 
 []


Package Fancyhdr Warning: \headheight is too small (25.0pt): 
 Make it at least 30.21667pt.
 We now make it that large for the rest of the document.
 This may cause the page layout to be inconsistent, however.

[23]
Overfull \hbox (36.59526pt too wide) in paragraph at lines 745--745
[]\OT1/cmtt/m/n/12 if(sonlasFilaCorrectas (1,lstTablero) \&\& sonlasColumnasCor
rectas (1, lstTablero)[] 
 []


Overfull \hbox (24.24525pt too wide) in paragraph at lines 745--745
[]\OT1/cmtt/m/n/12 && sonlosCuadradosCorrectos (1, lstTablero)) = true then pri
nt_string "Correcto"[] 
 []


Overfull \hbox (5.72025pt too wide) in paragraph at lines 745--745
[]\OT1/cmtt/m/n/12 introJugada (strTablero,0,0,0,1) in main((cadenahaciaListade
Char tableroAux),[] 
 []

[24]) [25] [26


]
\openout2 = `cap3.aux'.

 (./cap3.tex
Cap\'{\i }tulo 3.
) [27


] [28


]
\openout2 = `bib.aux'.

 (./bib.tex (./main.bbl)) [29


] (./main.aux (./pre.aux) (./cap1.aux)
(./cap2.aux) (./cap3.aux) (./bib.aux)) ) 
Here is how much of TeX's memory you used:
 10195 strings out of 495007
 135451 string characters out of 1181292
 246670 words of memory out of 3000000
 12864 multiletter control sequences out of 10000+50000
 11587 words of font info for 43 fonts, out of 3000000 for 5000
 54 hyphenation exceptions out of 8191
 36i,12n,47p,331b,537s stack positions out of 5000i,500n,10000p,200000b,50000s
</usr/share/texmf-dist/fonts/type1/blue
sky/cm/cmbx12.pfb></usr/share/texmf-dist/fonts/type1/bluesky/cm/cmcsc10.pfb></u
sr/share/texmf-dist/fonts/type1/bluesky/cm/cmmi12.pfb></usr/share/texmf-dist/fo
nts/type1/bluesky/cm/cmr12.pfb></usr/share/texmf-dist/fonts/type1/bluesky/cm/cm
r6.pfb></usr/share/texmf-dist/fonts/type1/bluesky/cm/cmr8.pfb></usr/share/texmf
-dist/fonts/type1/bluesky/cm/cmsl12.pfb></usr/share/texmf-dist/fonts/type1/blue
sky/cm/cmsy10.pfb></usr/share/texmf-dist/fonts/type1/bluesky/cm/cmti12.pfb></us
r/share/texmf-dist/fonts/type1/bluesky/cm/cmtt12.pfb>
Output written on main.pdf (37 pages, 177641 bytes).
PDF statistics:
 775 PDF objects out of 1000 (max. 8388607)
 294 named destinations out of 1000 (max. 131072)
 513 words of extra memory for PDF output out of 10000 (max. 10000000)

