\BOOKMARK [0][-]{chapter.1}{An\341lisis de Alto Nivel}{}
\BOOKMARK [1][-]{section.1.1}{\277C\363mo hemos desarrollado la Aplicaci\363n?}{chapter.1}
\BOOKMARK [1][-]{section.1.2}{Requisitos}{chapter.1}
\BOOKMARK [2][-]{subsection.1.2.1}{Respecto al funcionamiento general de la aplicaci\363n}{section.1.2}
\BOOKMARK [2][-]{subsection.1.2.2}{Respecto al M\363dulo de Control}{section.1.2}
\BOOKMARK [1][-]{section.1.3}{Respecto a la propia implementaci\363n}{chapter.1}
\BOOKMARK [2][-]{subsection.1.3.1}{Tecnolog\355a empleada}{section.1.3}
\BOOKMARK [1][-]{section.1.4}{Elementos principales}{chapter.1}
\BOOKMARK [1][-]{section.1.5}{La implementaci\363n de la L\363gica Concurrente}{chapter.1}
\BOOKMARK [2][-]{subsection.1.5.1}{Clase PlantillaDeportista.java}{section.1.5}
\BOOKMARK [2][-]{subsection.1.5.2}{Clase Deportista.java}{section.1.5}
\BOOKMARK [2][-]{subsection.1.5.3}{Clase Piscina.java}{section.1.5}
\BOOKMARK [2][-]{subsection.1.5.4}{Clase CampoGolf.java}{section.1.5}
\BOOKMARK [2][-]{subsection.1.5.5}{Clase SalaMusculacion.java}{section.1.5}
\BOOKMARK [2][-]{subsection.1.5.6}{Clase PistaTenis.java}{section.1.5}
\BOOKMARK [2][-]{subsection.1.5.7}{Clase CiudadDeportiva.java}{section.1.5}
\BOOKMARK [1][-]{section.1.6}{La implementaci\363n RMI}{chapter.1}
\BOOKMARK [2][-]{subsection.1.6.1}{Apliaci\363n de la tecnolog\355a RMI en nuestro simulador}{section.1.6}
\BOOKMARK [2][-]{subsection.1.6.2}{Interfaz iCiudadRMI.java}{section.1.6}
\BOOKMARK [2][-]{subsection.1.6.3}{Clase CiudadRMI.java}{section.1.6}
\BOOKMARK [2][-]{subsection.1.6.4}{Clase ModuloControl.java}{section.1.6}
\BOOKMARK [1][-]{section.1.7}{An\341lisis UML}{chapter.1}
\BOOKMARK [1][-]{section.1.8}{Diagrama de Casos de Uso}{chapter.1}
\BOOKMARK [0][-]{chapter.2}{Manual de Usuario}{}
\BOOKMARK [1][-]{section.2.1}{Cuadro de Mando General \(CMG\)}{chapter.2}
\BOOKMARK [0][-]{appendix.A}{El sistema de Tiempo Aleatorio}{}
\BOOKMARK [0][-]{equation.A.0.1}{Bibliograf\355a}{}
